This is pdfTeX, Version 3.141592653-2.6-1.40.22 (MiKTeX 21.2) (preloaded format=pdflatex 2022.9.28)  15 OCT 2022 19:52
entering extended mode
**"c:/Users/33762/OneDrive - Ecole Polytechnique/Documents/Ecole polytechnique/Cours/4A/filtrage bayésien/TP filtrage bayésien rapport/main.tex"
(c:/Users/33762/OneDrive - Ecole Polytechnique/Documents/Ecole polytechnique/Cours/4A/filtrage bayésien/TP filtrage bayésien rapport/main.tex
LaTeX2e <2020-10-01> patch level 4
L3 programming layer <2021-02-18> xparse <2020-03-03> (C:\Program Files\MiKTeX\tex/latex/base\article.cls
Document Class: article 2020/04/10 v1.4m Standard LaTeX document class
(C:\Program Files\MiKTeX\tex/latex/base\size10.clo
File: size10.clo 2020/04/10 v1.4m Standard LaTeX file (size option)
)
\c@part=\count179
\c@section=\count180
\c@subsection=\count181
\c@subsubsection=\count182
\c@paragraph=\count183
\c@subparagraph=\count184
\c@figure=\count185
\c@table=\count186
\abovecaptionskip=\skip47
\belowcaptionskip=\skip48
\bibindent=\dimen138
) (C:\Program Files\MiKTeX\tex/latex/base\inputenc.sty
Package: inputenc 2020/08/01 v1.3d Input encoding file
\inpenc@prehook=\toks15
\inpenc@posthook=\toks16
) (C:\Users\33762\AppData\Roaming\MiKTeX\tex/latex/geometry\geometry.sty
Package: geometry 2020/01/02 v5.9 Page Geometry
 (C:\Program Files\MiKTeX\tex/latex/graphics\keyval.sty
Package: keyval 2014/10/28 v1.15 key=value parser (DPC)
\KV@toks@=\toks17
) (C:\Program Files\MiKTeX\tex/generic/iftex\ifvtex.sty
Package: ifvtex 2019/10/25 v1.7 ifvtex legacy package. Use iftex instead.
 (C:\Program Files\MiKTeX\tex/generic/iftex\iftex.sty
Package: iftex 2020/03/06 v1.0d TeX engine tests
))
\Gm@cnth=\count187
\Gm@cntv=\count188
\c@Gm@tempcnt=\count189
\Gm@bindingoffset=\dimen139
\Gm@wd@mp=\dimen140
\Gm@odd@mp=\dimen141
\Gm@even@mp=\dimen142
\Gm@layoutwidth=\dimen143
\Gm@layoutheight=\dimen144
\Gm@layouthoffset=\dimen145
\Gm@layoutvoffset=\dimen146
\Gm@dimlist=\toks18
 (C:\Users\33762\AppData\Roaming\MiKTeX\tex/latex/geometry\geometry.cfg)) (C:\Users\33762\AppData\Roaming\MiKTeX\tex/latex/mathtools\mathtools.sty
Package: mathtools 2022/06/29 v1.29 mathematical typesetting tools
 (C:\Program Files\MiKTeX\tex/latex/latex-tools\calc.sty
Package: calc 2017/05/25 v4.3 Infix arithmetic (KKT,FJ)
\calc@Acount=\count190
\calc@Bcount=\count191
\calc@Adimen=\dimen147
\calc@Bdimen=\dimen148
\calc@Askip=\skip49
\calc@Bskip=\skip50
LaTeX Info: Redefining \setlength on input line 80.
LaTeX Info: Redefining \addtolength on input line 81.
\calc@Ccount=\count192
\calc@Cskip=\skip51
) (C:\Users\33762\AppData\Roaming\MiKTeX\tex/latex/mathtools\mhsetup.sty
Package: mhsetup 2021/03/18 v1.4 programming setup (MH)
) (C:\Program Files\MiKTeX\tex/latex/amsmath\amsmath.sty
Package: amsmath 2020/09/23 v2.17i AMS math features
\@mathmargin=\skip52

For additional information on amsmath, use the `?' option.
(C:\Program Files\MiKTeX\tex/latex/amsmath\amstext.sty
Package: amstext 2000/06/29 v2.01 AMS text
 (C:\Program Files\MiKTeX\tex/latex/amsmath\amsgen.sty
File: amsgen.sty 1999/11/30 v2.0 generic functions
\@emptytoks=\toks19
\ex@=\dimen149
)) (C:\Program Files\MiKTeX\tex/latex/amsmath\amsbsy.sty
Package: amsbsy 1999/11/29 v1.2d Bold Symbols
\pmbraise@=\dimen150
) (C:\Program Files\MiKTeX\tex/latex/amsmath\amsopn.sty
Package: amsopn 2016/03/08 v2.02 operator names
)
\inf@bad=\count193
LaTeX Info: Redefining \frac on input line 234.
\uproot@=\count194
\leftroot@=\count195
LaTeX Info: Redefining \overline on input line 399.
\classnum@=\count196
\DOTSCASE@=\count197
LaTeX Info: Redefining \ldots on input line 496.
LaTeX Info: Redefining \dots on input line 499.
LaTeX Info: Redefining \cdots on input line 620.
\Mathstrutbox@=\box47
\strutbox@=\box48
\big@size=\dimen151
LaTeX Font Info:    Redeclaring font encoding OML on input line 743.
LaTeX Font Info:    Redeclaring font encoding OMS on input line 744.
\macc@depth=\count198
\c@MaxMatrixCols=\count199
\dotsspace@=\muskip16
\c@parentequation=\count266
\dspbrk@lvl=\count267
\tag@help=\toks20
\row@=\count268
\column@=\count269
\maxfields@=\count270
\andhelp@=\toks21
\eqnshift@=\dimen152
\alignsep@=\dimen153
\tagshift@=\dimen154
\tagwidth@=\dimen155
\totwidth@=\dimen156
\lineht@=\dimen157
\@envbody=\toks22
\multlinegap=\skip53
\multlinetaggap=\skip54
\mathdisplay@stack=\toks23
LaTeX Info: Redefining \[ on input line 2923.
LaTeX Info: Redefining \] on input line 2924.
)
\g_MT_multlinerow_int=\count271
\l_MT_multwidth_dim=\dimen158
\origjot=\skip55
\l_MT_shortvdotswithinadjustabove_dim=\dimen159
\l_MT_shortvdotswithinadjustbelow_dim=\dimen160
\l_MT_above_intertext_sep=\dimen161
\l_MT_below_intertext_sep=\dimen162
\l_MT_above_shortintertext_sep=\dimen163
\l_MT_below_shortintertext_sep=\dimen164
\xmathstrut@box=\box49
\xmathstrut@dim=\dimen165
) (C:\Program Files\MiKTeX\tex/latex/graphics\graphicx.sty
Package: graphicx 2020/09/09 v1.2b Enhanced LaTeX Graphics (DPC,SPQR)
 (C:\Program Files\MiKTeX\tex/latex/graphics\graphics.sty
Package: graphics 2020/08/30 v1.4c Standard LaTeX Graphics (DPC,SPQR)
 (C:\Program Files\MiKTeX\tex/latex/graphics\trig.sty
Package: trig 2016/01/03 v1.10 sin cos tan (DPC)
) (C:\Program Files\MiKTeX\tex/latex/graphics-cfg\graphics.cfg
File: graphics.cfg 2016/06/04 v1.11 sample graphics configuration
)
Package graphics Info: Driver file: pdftex.def on input line 105.
 (C:\Program Files\MiKTeX\tex/latex/graphics-def\pdftex.def
File: pdftex.def 2020/10/05 v1.2a Graphics/color driver for pdftex
))
\Gin@req@height=\dimen166
\Gin@req@width=\dimen167
) (C:\Program Files\MiKTeX\tex/latex/amsfonts\amsfonts.sty
Package: amsfonts 2013/01/14 v3.01 Basic AMSFonts support
\symAMSa=\mathgroup4
\symAMSb=\mathgroup5
LaTeX Font Info:    Redeclaring math symbol \hbar on input line 98.
LaTeX Font Info:    Overwriting math alphabet `\mathfrak' in version `bold'
(Font)                  U/euf/m/n --> U/euf/b/n on input line 106.
) (C:\Users\33762\AppData\Roaming\MiKTeX\tex/latex/bbold\bbold.sty
Package: bbold 1994/04/06 Bbold symbol package
LaTeX Font Info:    Redeclaring math alphabet \mathbb on input line 42.
) (C:\Users\33762\AppData\Roaming\MiKTeX\tex/latex/caption\subcaption.sty
Package: subcaption 2022/01/07 v1.5 Sub-captions (AR)
 (C:\Users\33762\AppData\Roaming\MiKTeX\tex/latex/caption\caption.sty
Package: caption 2022/03/01 v3.6b Customizing captions (AR)
 (C:\Users\33762\AppData\Roaming\MiKTeX\tex/latex/caption\caption3.sty
Package: caption3 2022/03/17 v2.3b caption3 kernel (AR)
\caption@tempdima=\dimen168
\captionmargin=\dimen169
\caption@leftmargin=\dimen170
\caption@rightmargin=\dimen171
\caption@width=\dimen172
\caption@indent=\dimen173
\caption@parindent=\dimen174
\caption@hangindent=\dimen175
Package caption Info: Standard document class detected.
)
\c@caption@flags=\count272
\c@continuedfloat=\count273
)
\c@subfigure=\count274
\c@subtable=\count275
) (C:\Program Files\MiKTeX\tex/latex/l3backend\l3backend-pdftex.def
File: l3backend-pdftex.def 2021-02-18 L3 backend support: PDF output (pdfTeX)
\l__color_backend_stack_int=\count276
\l__pdf_internal_box=\box50
) (main.aux)
\openout1 = `main.aux'.

LaTeX Font Info:    Checking defaults for OML/cmm/m/it on input line 16.
LaTeX Font Info:    ... okay on input line 16.
LaTeX Font Info:    Checking defaults for OMS/cmsy/m/n on input line 16.
LaTeX Font Info:    ... okay on input line 16.
LaTeX Font Info:    Checking defaults for OT1/cmr/m/n on input line 16.
LaTeX Font Info:    ... okay on input line 16.
LaTeX Font Info:    Checking defaults for T1/cmr/m/n on input line 16.
LaTeX Font Info:    ... okay on input line 16.
LaTeX Font Info:    Checking defaults for TS1/cmr/m/n on input line 16.
LaTeX Font Info:    ... okay on input line 16.
LaTeX Font Info:    Checking defaults for OMX/cmex/m/n on input line 16.
LaTeX Font Info:    ... okay on input line 16.
LaTeX Font Info:    Checking defaults for U/cmr/m/n on input line 16.
LaTeX Font Info:    ... okay on input line 16.

*geometry* driver: auto-detecting
*geometry* detected driver: pdftex
*geometry* verbose mode - [ preamble ] result:
* driver: pdftex
* paper: <default>
* layout: <same size as paper>
* layoutoffset:(h,v)=(0.0pt,0.0pt)
* modes: 
* h-part:(L,W,R)=(71.13188pt, 472.03123pt, 71.13188pt)
* v-part:(T,H,B)=(71.13188pt, 652.70622pt, 71.13188pt)
* \paperwidth=614.295pt
* \paperheight=794.96999pt
* \textwidth=472.03123pt
* \textheight=652.70622pt
* \oddsidemargin=-1.1381pt
* \evensidemargin=-1.1381pt
* \topmargin=-38.1381pt
* \headheight=12.0pt
* \headsep=25.0pt
* \topskip=10.0pt
* \footskip=30.0pt
* \marginparwidth=65.0pt
* \marginparsep=11.0pt
* \columnsep=10.0pt
* \skip\footins=9.0pt plus 4.0pt minus 2.0pt
* \hoffset=0.0pt
* \voffset=0.0pt
* \mag=1000
* \@twocolumnfalse
* \@twosidefalse
* \@mparswitchfalse
* \@reversemarginfalse
* (1in=72.27pt=25.4mm, 1cm=28.453pt)

(C:\Program Files\MiKTeX\tex/context/base/mkii\supp-pdf.mkii
[Loading MPS to PDF converter (version 2006.09.02).]
\scratchcounter=\count277
\scratchdimen=\dimen176
\scratchbox=\box51
\nofMPsegments=\count278
\nofMParguments=\count279
\everyMPshowfont=\toks24
\MPscratchCnt=\count280
\MPscratchDim=\dimen177
\MPnumerator=\count281
\makeMPintoPDFobject=\count282
\everyMPtoPDFconversion=\toks25
) (C:\Program Files\MiKTeX\tex/latex/epstopdf-pkg\epstopdf-base.sty
Package: epstopdf-base 2020-01-24 v2.11 Base part for package epstopdf
Package epstopdf-base Info: Redefining graphics rule for `.eps' on input line 485.
)
Package caption Info: Begin \AtBeginDocument code.
Package caption Info: End \AtBeginDocument code.
LaTeX Font Info:    Trying to load font information for U+msa on input line 18.
 (C:\Program Files\MiKTeX\tex/latex/amsfonts\umsa.fd
File: umsa.fd 2013/01/14 v3.01 AMS symbols A
)
LaTeX Font Info:    Trying to load font information for U+msb on input line 18.
 (C:\Program Files\MiKTeX\tex/latex/amsfonts\umsb.fd
File: umsb.fd 2013/01/14 v3.01 AMS symbols B
) [1

{C:/Users/33762/AppData/Local/MiKTeX/pdftex/config/pdftex.map}] (main.toc)
\tf@toc=\write3
\openout3 = `main.toc'.

 [2]
Underfull \hbox (badness 10000) in paragraph at lines 45--50

 []

LaTeX Font Info:    Trying to load font information for U+bbold on input line 52.
(C:\Users\33762\AppData\Roaming\MiKTeX\tex/latex/jknappen\ubbold.fd
File: ubbold.fd 1996/01/01 Blackboard Bold Font Definition File (jk)
) [3]
<TP1/MC_brute_TCL.png, id=23, 403.2666pt x 298.4751pt>
File: TP1/MC_brute_TCL.png Graphic file (type png)
<use TP1/MC_brute_TCL.png>
Package pdftex.def Info: TP1/MC_brute_TCL.png  used on input line 101.
(pdftex.def)             Requested size: 188.8096pt x 139.75044pt.

Underfull \hbox (badness 10000) in paragraph at lines 111--118

 []

[4 <./TP1/MC_brute_TCL.png>]
<TP1/gqtilde.png, id=29, 611.28375pt x 426.59375pt>
File: TP1/gqtilde.png Graphic file (type png)
<use TP1/gqtilde.png>
Package pdftex.def Info: TP1/gqtilde.png  used on input line 176.
(pdftex.def)             Requested size: 284.52756pt x 198.55931pt.
 [5]

Package caption Warning: \label without proper reference on input line 187.
See the caption package documentation for explanation.


LaTeX Warning: Reference `TCL_imp' on page 6 undefined on input line 183.

<TP1/TCL_importance_sampling.png, id=35, 379.4175pt x 248.93pt>
File: TP1/TCL_importance_sampling.png Graphic file (type png)
<use TP1/TCL_importance_sampling.png>
Package pdftex.def Info: TP1/TCL_importance_sampling.png  used on input line 189.
(pdftex.def)             Requested size: 284.52756pt x 186.67804pt.
[6 <./TP1/gqtilde.png> <./TP1/TCL_importance_sampling.png>] [7] [8]
<TP2/position_réelle.png, id=49, 387.4475pt x 252.945pt>
File: TP2/position_réelle.png Graphic file (type png)
<use TP2/position_réelle.png>
Package pdftex.def Info: TP2/position_réelle.png  used on input line 388.
(pdftex.def)             Requested size: 188.8096pt x 123.26483pt.
<TP2/vitesse_reelle.png, id=50, 392.46625pt x 262.9825pt>
File: TP2/vitesse_reelle.png Graphic file (type png)
<use TP2/vitesse_reelle.png>
Package pdftex.def Info: TP2/vitesse_reelle.png  used on input line 389.
(pdftex.def)             Requested size: 188.8096pt x 126.51907pt.
<TP2/filtre_kalman.png, id=51, 867.24pt x 452.4102pt>
File: TP2/filtre_kalman.png Graphic file (type png)
<use TP2/filtre_kalman.png>
Package pdftex.def Info: TP2/filtre_kalman.png  used on input line 402.
(pdftex.def)             Requested size: 512.1496pt x 267.18202pt.

Overfull \hbox (40.11836pt too wide) in paragraph at lines 402--403
 [][] 
 []

[9 <./TP2/position_réelle.png> <./TP2/vitesse_reelle.png>]
<TP2/ellipses_conf.png, id=58, 606.265pt x 577.15625pt>
File: TP2/ellipses_conf.png Graphic file (type png)
<use TP2/ellipses_conf.png>
Package pdftex.def Info: TP2/ellipses_conf.png  used on input line 413.
(pdftex.def)             Requested size: 284.52756pt x 270.86717pt.
 [10 <./TP2/filtre_kalman.png>] [11 <./TP2/ellipses_conf.png>]

Package caption Warning: \label without proper reference on input line 511.
See the caption package documentation for explanation.


LaTeX Warning: Reference `trajectoire' on page 12 undefined on input line 486.


LaTeX Warning: `!h' float specifier changed to `!ht'.

<TP3/trajectoires.png, id=67, 627.34375pt x 443.6575pt>
File: TP3/trajectoires.png Graphic file (type png)
<use TP3/trajectoires.png>
Package pdftex.def Info: TP3/trajectoires.png  used on input line 510.
(pdftex.def)             Requested size: 426.79134pt x 301.8388pt.

LaTeX Warning: `!h' float specifier changed to `!ht'.

<TP3/cramer rao.png, id=68, 620.3175pt x 443.6575pt>
File: TP3/cramer rao.png Graphic file (type png)
<use TP3/cramer rao.png>
Package pdftex.def Info: TP3/cramer rao.png  used on input line 520.
(pdftex.def)             Requested size: 426.79134pt x 305.24394pt.

LaTeX Warning: `!h' float specifier changed to `!ht'.


Package caption Warning: \label without proper reference on input line 532.
See the caption package documentation for explanation.


LaTeX Warning: Reference `optimale' on page 12 undefined on input line 528.


Package caption Warning: \label without proper reference on input line 539.
See the caption package documentation for explanation.


LaTeX Warning: Reference `crameropti' on page 12 undefined on input line 528.

<TP3/trajopti.png, id=69, 387.4475pt x 265.99374pt>
File: TP3/trajopti.png Graphic file (type png)
<use TP3/trajopti.png>
Package pdftex.def Info: TP3/trajopti.png  used on input line 531.
(pdftex.def)             Requested size: 284.52756pt x 195.33867pt.
<TP3/crameropti.png, id=70, 382.42876pt x 265.99374pt>
File: TP3/crameropti.png Graphic file (type png)
<use TP3/crameropti.png>
Package pdftex.def Info: TP3/crameropti.png  used on input line 538.
(pdftex.def)             Requested size: 284.52756pt x 197.90784pt.
[12] [13 <./TP3/trajectoires.png>] [14 <./TP3/cramer rao.png>] [15 <./TP3/trajopti.png> <./TP3/crameropti.png>] (main.bbl) [16] (main.aux)

LaTeX Warning: There were undefined references.

 ) 
Here is how much of TeX's memory you used:
 4608 strings out of 479334
 75275 string characters out of 2866960
 386622 words of memory out of 3000000
 21994 multiletter control sequences out of 15000+200000
 413086 words of font info for 66 fonts, out of 3000000 for 9000
 1141 hyphenation exceptions out of 8191
 81i,14n,88p,549b,320s stack positions out of 5000i,500n,10000p,200000b,50000s
 <C:\Users\33762\AppData\Local\MiKTeX\fonts/pk/ljfour/jknappen/ec/dpi600\tcrm1000.pk> <C:\Users\33762\AppData\Local\MiKTeX\fonts/pk/ljfour/public/bbold/dpi600\bbold7.pk> <C:\Users\33762\AppData\Local\MiKTeX\fonts/pk/ljfour/public/bbold/dpi600\bbold10.pk><C:/Program Files/MiKTeX/fonts/type1/public/amsfonts/cm/cmbx10.pfb><C:/Program Files/MiKTeX/fonts/type1/public/amsfonts/cm/cmbx12.pfb><C:/Program Files/MiKTeX/fonts/type1/public/amsfonts/cm/cmex10.pfb><C:/Program Files/MiKTeX/fonts/type1/public/amsfonts/cm/cmmi10.pfb><C:/Program Files/MiKTeX/fonts/type1/public/amsfonts/cm/cmmi12.pfb><C:/Program Files/MiKTeX/fonts/type1/public/amsfonts/cm/cmmi5.pfb><C:/Program Files/MiKTeX/fonts/type1/public/amsfonts/cm/cmmi7.pfb><C:/Program Files/MiKTeX/fonts/type1/public/amsfonts/cm/cmr10.pfb><C:/Program Files/MiKTeX/fonts/type1/public/amsfonts/cm/cmr12.pfb><C:/Program Files/MiKTeX/fonts/type1/public/amsfonts/cm/cmr17.pfb><C:/Program Files/MiKTeX/fonts/type1/public/amsfonts/cm/cmr5.pfb><C:/Program Files/MiKTeX/fonts/type1/public/amsfonts/cm/cmr7.pfb><C:/Program Files/MiKTeX/fonts/type1/public/amsfonts/cm/cmsy10.pfb><C:/Program Files/MiKTeX/fonts/type1/public/amsfonts/cm/cmsy7.pfb><C:/Program Files/MiKTeX/fonts/type1/public/amsfonts/cm/cmti10.pfb>
Output written on main.pdf (16 pages, 465777 bytes).
PDF statistics:
 154 PDF objects out of 1000 (max. 8388607)
 0 named destinations out of 1000 (max. 500000)
 56 words of extra memory for PDF output out of 10000 (max. 10000000)

